[2025-06-25 08:05:58] local.INFO: Login attempt user data: {"user":{"App\\Models\\User":{"id":5,"employee_id":"241101","name":"User 241101","email":"241101@example.com","created_at":"2025-06-25T03:20:02.000000Z","updated_at":"2025-06-25T03:20:02.000000Z"}}} 
[2025-06-25 08:05:59] local.INFO: User employee_id: {"employee_id":"241101"} 
[2025-06-25 08:05:59] local.ERROR: Class "App\Http\Controllers\Auth" not found {"exception":"[object] (Error(code: 0): Class \"App\\Http\\Controllers\\Auth\" not found at /Users/macbookpro/Herd/crm-microapp/app/Http/Controllers/AuthController.php:56)
[stacktrace]
#0 /Users/macbookpro/Herd/crm-microapp/vendor/illuminate/container/BoundMethod.php(36): App\\Http\\Controllers\\AuthController->login(Object(Laravel\\Lumen\\Http\\Request))
#1 /Users/macbookpro/Herd/crm-microapp/vendor/illuminate/container/Util.php(41): Illuminate\\Container\\BoundMethod::Illuminate\\Container\\{closure}()
#2 /Users/macbookpro/Herd/crm-microapp/vendor/illuminate/container/BoundMethod.php(93): Illuminate\\Container\\Util::unwrapIfClosure(Object(Closure))
#3 /Users/macbookpro/Herd/crm-microapp/vendor/illuminate/container/BoundMethod.php(35): Illuminate\\Container\\BoundMethod::callBoundMethod(Object(Laravel\\Lumen\\Application), Array, Object(Closure))
#4 /Users/macbookpro/Herd/crm-microapp/vendor/illuminate/container/Container.php(662): Illuminate\\Container\\BoundMethod::call(Object(Laravel\\Lumen\\Application), Array, Array, NULL)
#5 /Users/macbookpro/Herd/crm-microapp/vendor/laravel/lumen-framework/src/Concerns/RoutesRequests.php(391): Illuminate\\Container\\Container->call(Array, Array)
#6 /Users/macbookpro/Herd/crm-microapp/vendor/laravel/lumen-framework/src/Concerns/RoutesRequests.php(356): Laravel\\Lumen\\Application->callControllerCallable(Array, Array)
#7 /Users/macbookpro/Herd/crm-microapp/vendor/laravel/lumen-framework/src/Concerns/RoutesRequests.php(331): Laravel\\Lumen\\Application->callLumenController(Object(App\\Http\\Controllers\\AuthController), 'login', Array)
#8 /Users/macbookpro/Herd/crm-microapp/vendor/laravel/lumen-framework/src/Concerns/RoutesRequests.php(284): Laravel\\Lumen\\Application->callControllerAction(Array)
#9 /Users/macbookpro/Herd/crm-microapp/vendor/laravel/lumen-framework/src/Concerns/RoutesRequests.php(269): Laravel\\Lumen\\Application->callActionOnArrayBasedRoute(Array)
#10 /Users/macbookpro/Herd/crm-microapp/vendor/laravel/lumen-framework/src/Concerns/RoutesRequests.php(171): Laravel\\Lumen\\Application->handleFoundRoute(Array)
#11 /Users/macbookpro/Herd/crm-microapp/vendor/laravel/lumen-framework/src/Routing/Pipeline.php(48): Laravel\\Lumen\\Application->Laravel\\Lumen\\Concerns\\{closure}(Object(Laravel\\Lumen\\Http\\Request))
#12 /Users/macbookpro/Herd/crm-microapp/app/Http/Middleware/TrustProxiesMiddleware.php(33): Laravel\\Lumen\\Routing\\Pipeline->Laravel\\Lumen\\Routing\\{closure}(Object(Laravel\\Lumen\\Http\\Request))
#13 /Users/macbookpro/Herd/crm-microapp/vendor/illuminate/pipeline/Pipeline.php(183): App\\Http\\Middleware\\TrustProxiesMiddleware->handle(Object(Laravel\\Lumen\\Http\\Request), Object(Closure))
#14 /Users/macbookpro/Herd/crm-microapp/vendor/laravel/lumen-framework/src/Routing/Pipeline.php(30): Illuminate\\Pipeline\\Pipeline->Illuminate\\Pipeline\\{closure}(Object(Laravel\\Lumen\\Http\\Request))
#15 /Users/macbookpro/Herd/crm-microapp/vendor/illuminate/pipeline/Pipeline.php(119): Laravel\\Lumen\\Routing\\Pipeline->Laravel\\Lumen\\Routing\\{closure}(Object(Laravel\\Lumen\\Http\\Request))
#16 /Users/macbookpro/Herd/crm-microapp/vendor/laravel/lumen-framework/src/Concerns/RoutesRequests.php(428): Illuminate\\Pipeline\\Pipeline->then(Object(Closure))
#17 /Users/macbookpro/Herd/crm-microapp/vendor/laravel/lumen-framework/src/Concerns/RoutesRequests.php(167): Laravel\\Lumen\\Application->sendThroughPipeline(Array, Object(Closure))
#18 /Users/macbookpro/Herd/crm-microapp/vendor/laravel/lumen-framework/src/Concerns/RoutesRequests.php(112): Laravel\\Lumen\\Application->dispatch(NULL)
#19 /Users/macbookpro/Herd/crm-microapp/public/index.php(28): Laravel\\Lumen\\Application->run()
#20 {main}
"} 
[2025-06-25 08:07:05] local.INFO: Login attempt user data: {"user":{"App\\Models\\User":{"id":5,"employee_id":"241101","name":"User 241101","email":"241101@example.com","created_at":"2025-06-25T03:20:02.000000Z","updated_at":"2025-06-25T03:20:02.000000Z"}}} 
[2025-06-25 08:07:05] local.INFO: User employee_id: {"employee_id":"241101"} 
[2025-06-25 08:07:05] local.ERROR: Auth driver [jwt] for guard [api] is not defined. {"exception":"[object] (InvalidArgumentException(code: 0): Auth driver [jwt] for guard [api] is not defined. at /Users/macbookpro/Herd/crm-microapp/vendor/illuminate/auth/AuthManager.php:99)
[stacktrace]
#0 /Users/macbookpro/Herd/crm-microapp/vendor/illuminate/auth/AuthManager.php(70): Illuminate\\Auth\\AuthManager->resolve('api')
#1 /Users/macbookpro/Herd/crm-microapp/vendor/illuminate/auth/AuthManager.php(340): Illuminate\\Auth\\AuthManager->guard()
#2 /Users/macbookpro/Herd/crm-microapp/vendor/illuminate/support/Facades/Facade.php(355): Illuminate\\Auth\\AuthManager->__call('login', Array)
#3 /Users/macbookpro/Herd/crm-microapp/app/Http/Controllers/AuthController.php(56): Illuminate\\Support\\Facades\\Facade::__callStatic('login', Array)
#4 /Users/macbookpro/Herd/crm-microapp/vendor/illuminate/container/BoundMethod.php(36): App\\Http\\Controllers\\AuthController->login(Object(Laravel\\Lumen\\Http\\Request))
#5 /Users/macbookpro/Herd/crm-microapp/vendor/illuminate/container/Util.php(41): Illuminate\\Container\\BoundMethod::Illuminate\\Container\\{closure}()
#6 /Users/macbookpro/Herd/crm-microapp/vendor/illuminate/container/BoundMethod.php(93): Illuminate\\Container\\Util::unwrapIfClosure(Object(Closure))
#7 /Users/macbookpro/Herd/crm-microapp/vendor/illuminate/container/BoundMethod.php(35): Illuminate\\Container\\BoundMethod::callBoundMethod(Object(Laravel\\Lumen\\Application), Array, Object(Closure))
#8 /Users/macbookpro/Herd/crm-microapp/vendor/illuminate/container/Container.php(662): Illuminate\\Container\\BoundMethod::call(Object(Laravel\\Lumen\\Application), Array, Array, NULL)
#9 /Users/macbookpro/Herd/crm-microapp/vendor/laravel/lumen-framework/src/Concerns/RoutesRequests.php(391): Illuminate\\Container\\Container->call(Array, Array)
#10 /Users/macbookpro/Herd/crm-microapp/vendor/laravel/lumen-framework/src/Concerns/RoutesRequests.php(356): Laravel\\Lumen\\Application->callControllerCallable(Array, Array)
#11 /Users/macbookpro/Herd/crm-microapp/vendor/laravel/lumen-framework/src/Concerns/RoutesRequests.php(331): Laravel\\Lumen\\Application->callLumenController(Object(App\\Http\\Controllers\\AuthController), 'login', Array)
#12 /Users/macbookpro/Herd/crm-microapp/vendor/laravel/lumen-framework/src/Concerns/RoutesRequests.php(284): Laravel\\Lumen\\Application->callControllerAction(Array)
#13 /Users/macbookpro/Herd/crm-microapp/vendor/laravel/lumen-framework/src/Concerns/RoutesRequests.php(269): Laravel\\Lumen\\Application->callActionOnArrayBasedRoute(Array)
#14 /Users/macbookpro/Herd/crm-microapp/vendor/laravel/lumen-framework/src/Concerns/RoutesRequests.php(171): Laravel\\Lumen\\Application->handleFoundRoute(Array)
#15 /Users/macbookpro/Herd/crm-microapp/vendor/laravel/lumen-framework/src/Routing/Pipeline.php(48): Laravel\\Lumen\\Application->Laravel\\Lumen\\Concerns\\{closure}(Object(Laravel\\Lumen\\Http\\Request))
#16 /Users/macbookpro/Herd/crm-microapp/app/Http/Middleware/TrustProxiesMiddleware.php(33): Laravel\\Lumen\\Routing\\Pipeline->Laravel\\Lumen\\Routing\\{closure}(Object(Laravel\\Lumen\\Http\\Request))
#17 /Users/macbookpro/Herd/crm-microapp/vendor/illuminate/pipeline/Pipeline.php(183): App\\Http\\Middleware\\TrustProxiesMiddleware->handle(Object(Laravel\\Lumen\\Http\\Request), Object(Closure))
#18 /Users/macbookpro/Herd/crm-microapp/vendor/laravel/lumen-framework/src/Routing/Pipeline.php(30): Illuminate\\Pipeline\\Pipeline->Illuminate\\Pipeline\\{closure}(Object(Laravel\\Lumen\\Http\\Request))
#19 /Users/macbookpro/Herd/crm-microapp/vendor/illuminate/pipeline/Pipeline.php(119): Laravel\\Lumen\\Routing\\Pipeline->Laravel\\Lumen\\Routing\\{closure}(Object(Laravel\\Lumen\\Http\\Request))
#20 /Users/macbookpro/Herd/crm-microapp/vendor/laravel/lumen-framework/src/Concerns/RoutesRequests.php(428): Illuminate\\Pipeline\\Pipeline->then(Object(Closure))
#21 /Users/macbookpro/Herd/crm-microapp/vendor/laravel/lumen-framework/src/Concerns/RoutesRequests.php(167): Laravel\\Lumen\\Application->sendThroughPipeline(Array, Object(Closure))
#22 /Users/macbookpro/Herd/crm-microapp/vendor/laravel/lumen-framework/src/Concerns/RoutesRequests.php(112): Laravel\\Lumen\\Application->dispatch(NULL)
#23 /Users/macbookpro/Herd/crm-microapp/public/index.php(28): Laravel\\Lumen\\Application->run()
#24 {main}
"} 
[2025-06-25 08:08:26] local.INFO: Login attempt user data: {"user":{"App\\Models\\User":{"id":5,"employee_id":"241101","name":"User 241101","email":"241101@example.com","created_at":"2025-06-25T03:20:02.000000Z","updated_at":"2025-06-25T03:20:02.000000Z"}}} 
[2025-06-25 08:08:26] local.INFO: User employee_id: {"employee_id":"241101"} 
[2025-06-25 08:08:26] local.ERROR: Auth driver [jwt] for guard [api] is not defined. {"exception":"[object] (InvalidArgumentException(code: 0): Auth driver [jwt] for guard [api] is not defined. at /Users/macbookpro/Herd/crm-microapp/vendor/illuminate/auth/AuthManager.php:99)
[stacktrace]
#0 /Users/macbookpro/Herd/crm-microapp/vendor/illuminate/auth/AuthManager.php(70): Illuminate\\Auth\\AuthManager->resolve('api')
#1 /Users/macbookpro/Herd/crm-microapp/vendor/illuminate/auth/AuthManager.php(340): Illuminate\\Auth\\AuthManager->guard()
#2 /Users/macbookpro/Herd/crm-microapp/app/Http/Controllers/AuthController.php(56): Illuminate\\Auth\\AuthManager->__call('login', Array)
#3 /Users/macbookpro/Herd/crm-microapp/vendor/illuminate/container/BoundMethod.php(36): App\\Http\\Controllers\\AuthController->login(Object(Laravel\\Lumen\\Http\\Request))
#4 /Users/macbookpro/Herd/crm-microapp/vendor/illuminate/container/Util.php(41): Illuminate\\Container\\BoundMethod::Illuminate\\Container\\{closure}()
#5 /Users/macbookpro/Herd/crm-microapp/vendor/illuminate/container/BoundMethod.php(93): Illuminate\\Container\\Util::unwrapIfClosure(Object(Closure))
#6 /Users/macbookpro/Herd/crm-microapp/vendor/illuminate/container/BoundMethod.php(35): Illuminate\\Container\\BoundMethod::callBoundMethod(Object(Laravel\\Lumen\\Application), Array, Object(Closure))
#7 /Users/macbookpro/Herd/crm-microapp/vendor/illuminate/container/Container.php(662): Illuminate\\Container\\BoundMethod::call(Object(Laravel\\Lumen\\Application), Array, Array, NULL)
#8 /Users/macbookpro/Herd/crm-microapp/vendor/laravel/lumen-framework/src/Concerns/RoutesRequests.php(391): Illuminate\\Container\\Container->call(Array, Array)
#9 /Users/macbookpro/Herd/crm-microapp/vendor/laravel/lumen-framework/src/Concerns/RoutesRequests.php(356): Laravel\\Lumen\\Application->callControllerCallable(Array, Array)
#10 /Users/macbookpro/Herd/crm-microapp/vendor/laravel/lumen-framework/src/Concerns/RoutesRequests.php(331): Laravel\\Lumen\\Application->callLumenController(Object(App\\Http\\Controllers\\AuthController), 'login', Array)
#11 /Users/macbookpro/Herd/crm-microapp/vendor/laravel/lumen-framework/src/Concerns/RoutesRequests.php(284): Laravel\\Lumen\\Application->callControllerAction(Array)
#12 /Users/macbookpro/Herd/crm-microapp/vendor/laravel/lumen-framework/src/Concerns/RoutesRequests.php(269): Laravel\\Lumen\\Application->callActionOnArrayBasedRoute(Array)
#13 /Users/macbookpro/Herd/crm-microapp/vendor/laravel/lumen-framework/src/Concerns/RoutesRequests.php(171): Laravel\\Lumen\\Application->handleFoundRoute(Array)
#14 /Users/macbookpro/Herd/crm-microapp/vendor/laravel/lumen-framework/src/Routing/Pipeline.php(48): Laravel\\Lumen\\Application->Laravel\\Lumen\\Concerns\\{closure}(Object(Laravel\\Lumen\\Http\\Request))
#15 /Users/macbookpro/Herd/crm-microapp/app/Http/Middleware/TrustProxiesMiddleware.php(33): Laravel\\Lumen\\Routing\\Pipeline->Laravel\\Lumen\\Routing\\{closure}(Object(Laravel\\Lumen\\Http\\Request))
#16 /Users/macbookpro/Herd/crm-microapp/vendor/illuminate/pipeline/Pipeline.php(183): App\\Http\\Middleware\\TrustProxiesMiddleware->handle(Object(Laravel\\Lumen\\Http\\Request), Object(Closure))
#17 /Users/macbookpro/Herd/crm-microapp/vendor/laravel/lumen-framework/src/Routing/Pipeline.php(30): Illuminate\\Pipeline\\Pipeline->Illuminate\\Pipeline\\{closure}(Object(Laravel\\Lumen\\Http\\Request))
#18 /Users/macbookpro/Herd/crm-microapp/vendor/illuminate/pipeline/Pipeline.php(119): Laravel\\Lumen\\Routing\\Pipeline->Laravel\\Lumen\\Routing\\{closure}(Object(Laravel\\Lumen\\Http\\Request))
#19 /Users/macbookpro/Herd/crm-microapp/vendor/laravel/lumen-framework/src/Concerns/RoutesRequests.php(428): Illuminate\\Pipeline\\Pipeline->then(Object(Closure))
#20 /Users/macbookpro/Herd/crm-microapp/vendor/laravel/lumen-framework/src/Concerns/RoutesRequests.php(167): Laravel\\Lumen\\Application->sendThroughPipeline(Array, Object(Closure))
#21 /Users/macbookpro/Herd/crm-microapp/vendor/laravel/lumen-framework/src/Concerns/RoutesRequests.php(112): Laravel\\Lumen\\Application->dispatch(NULL)
#22 /Users/macbookpro/Herd/crm-microapp/public/index.php(28): Laravel\\Lumen\\Application->run()
#23 {main}
"} 
[2025-06-25 08:09:35] local.INFO: Login attempt user data: {"user":{"App\\Models\\User":{"id":5,"employee_id":"241101","name":"User 241101","email":"241101@example.com","created_at":"2025-06-25T03:20:02.000000Z","updated_at":"2025-06-25T03:20:02.000000Z"}}} 
[2025-06-25 08:09:36] local.INFO: User employee_id: {"employee_id":"241101"} 
[2025-06-25 08:09:36] local.ERROR: Auth driver [jwt] for guard [api] is not defined. {"exception":"[object] (InvalidArgumentException(code: 0): Auth driver [jwt] for guard [api] is not defined. at /Users/macbookpro/Herd/crm-microapp/vendor/illuminate/auth/AuthManager.php:99)
[stacktrace]
#0 /Users/macbookpro/Herd/crm-microapp/vendor/illuminate/auth/AuthManager.php(70): Illuminate\\Auth\\AuthManager->resolve('api')
#1 /Users/macbookpro/Herd/crm-microapp/app/Http/Controllers/AuthController.php(56): Illuminate\\Auth\\AuthManager->guard('api')
#2 /Users/macbookpro/Herd/crm-microapp/vendor/illuminate/container/BoundMethod.php(36): App\\Http\\Controllers\\AuthController->login(Object(Laravel\\Lumen\\Http\\Request))
#3 /Users/macbookpro/Herd/crm-microapp/vendor/illuminate/container/Util.php(41): Illuminate\\Container\\BoundMethod::Illuminate\\Container\\{closure}()
#4 /Users/macbookpro/Herd/crm-microapp/vendor/illuminate/container/BoundMethod.php(93): Illuminate\\Container\\Util::unwrapIfClosure(Object(Closure))
#5 /Users/macbookpro/Herd/crm-microapp/vendor/illuminate/container/BoundMethod.php(35): Illuminate\\Container\\BoundMethod::callBoundMethod(Object(Laravel\\Lumen\\Application), Array, Object(Closure))
#6 /Users/macbookpro/Herd/crm-microapp/vendor/illuminate/container/Container.php(662): Illuminate\\Container\\BoundMethod::call(Object(Laravel\\Lumen\\Application), Array, Array, NULL)
#7 /Users/macbookpro/Herd/crm-microapp/vendor/laravel/lumen-framework/src/Concerns/RoutesRequests.php(391): Illuminate\\Container\\Container->call(Array, Array)
#8 /Users/macbookpro/Herd/crm-microapp/vendor/laravel/lumen-framework/src/Concerns/RoutesRequests.php(356): Laravel\\Lumen\\Application->callControllerCallable(Array, Array)
#9 /Users/macbookpro/Herd/crm-microapp/vendor/laravel/lumen-framework/src/Concerns/RoutesRequests.php(331): Laravel\\Lumen\\Application->callLumenController(Object(App\\Http\\Controllers\\AuthController), 'login', Array)
#10 /Users/macbookpro/Herd/crm-microapp/vendor/laravel/lumen-framework/src/Concerns/RoutesRequests.php(284): Laravel\\Lumen\\Application->callControllerAction(Array)
#11 /Users/macbookpro/Herd/crm-microapp/vendor/laravel/lumen-framework/src/Concerns/RoutesRequests.php(269): Laravel\\Lumen\\Application->callActionOnArrayBasedRoute(Array)
#12 /Users/macbookpro/Herd/crm-microapp/vendor/laravel/lumen-framework/src/Concerns/RoutesRequests.php(171): Laravel\\Lumen\\Application->handleFoundRoute(Array)
#13 /Users/macbookpro/Herd/crm-microapp/vendor/laravel/lumen-framework/src/Routing/Pipeline.php(48): Laravel\\Lumen\\Application->Laravel\\Lumen\\Concerns\\{closure}(Object(Laravel\\Lumen\\Http\\Request))
#14 /Users/macbookpro/Herd/crm-microapp/app/Http/Middleware/TrustProxiesMiddleware.php(33): Laravel\\Lumen\\Routing\\Pipeline->Laravel\\Lumen\\Routing\\{closure}(Object(Laravel\\Lumen\\Http\\Request))
#15 /Users/macbookpro/Herd/crm-microapp/vendor/illuminate/pipeline/Pipeline.php(183): App\\Http\\Middleware\\TrustProxiesMiddleware->handle(Object(Laravel\\Lumen\\Http\\Request), Object(Closure))
#16 /Users/macbookpro/Herd/crm-microapp/vendor/laravel/lumen-framework/src/Routing/Pipeline.php(30): Illuminate\\Pipeline\\Pipeline->Illuminate\\Pipeline\\{closure}(Object(Laravel\\Lumen\\Http\\Request))
#17 /Users/macbookpro/Herd/crm-microapp/vendor/illuminate/pipeline/Pipeline.php(119): Laravel\\Lumen\\Routing\\Pipeline->Laravel\\Lumen\\Routing\\{closure}(Object(Laravel\\Lumen\\Http\\Request))
#18 /Users/macbookpro/Herd/crm-microapp/vendor/laravel/lumen-framework/src/Concerns/RoutesRequests.php(428): Illuminate\\Pipeline\\Pipeline->then(Object(Closure))
#19 /Users/macbookpro/Herd/crm-microapp/vendor/laravel/lumen-framework/src/Concerns/RoutesRequests.php(167): Laravel\\Lumen\\Application->sendThroughPipeline(Array, Object(Closure))
#20 /Users/macbookpro/Herd/crm-microapp/vendor/laravel/lumen-framework/src/Concerns/RoutesRequests.php(112): Laravel\\Lumen\\Application->dispatch(NULL)
#21 /Users/macbookpro/Herd/crm-microapp/public/index.php(28): Laravel\\Lumen\\Application->run()
#22 {main}
"} 
[2025-06-25 08:13:27] local.INFO: Login attempt user data: {"user":{"App\\Models\\User":{"id":5,"employee_id":"241101","name":"User 241101","email":"241101@example.com","created_at":"2025-06-25T03:20:02.000000Z","updated_at":"2025-06-25T03:20:02.000000Z"}}} 
[2025-06-25 08:13:27] local.INFO: User employee_id: {"employee_id":"241101"} 
[2025-06-25 08:13:27] local.ERROR: Class "App\Http\Controllers\Auth" not found {"exception":"[object] (Error(code: 0): Class \"App\\Http\\Controllers\\Auth\" not found at /Users/macbookpro/Herd/crm-microapp/app/Http/Controllers/AuthController.php:58)
[stacktrace]
#0 /Users/macbookpro/Herd/crm-microapp/vendor/illuminate/container/BoundMethod.php(36): App\\Http\\Controllers\\AuthController->login(Object(Laravel\\Lumen\\Http\\Request))
#1 /Users/macbookpro/Herd/crm-microapp/vendor/illuminate/container/Util.php(41): Illuminate\\Container\\BoundMethod::Illuminate\\Container\\{closure}()
#2 /Users/macbookpro/Herd/crm-microapp/vendor/illuminate/container/BoundMethod.php(93): Illuminate\\Container\\Util::unwrapIfClosure(Object(Closure))
#3 /Users/macbookpro/Herd/crm-microapp/vendor/illuminate/container/BoundMethod.php(35): Illuminate\\Container\\BoundMethod::callBoundMethod(Object(Laravel\\Lumen\\Application), Array, Object(Closure))
#4 /Users/macbookpro/Herd/crm-microapp/vendor/illuminate/container/Container.php(662): Illuminate\\Container\\BoundMethod::call(Object(Laravel\\Lumen\\Application), Array, Array, NULL)
#5 /Users/macbookpro/Herd/crm-microapp/vendor/laravel/lumen-framework/src/Concerns/RoutesRequests.php(391): Illuminate\\Container\\Container->call(Array, Array)
#6 /Users/macbookpro/Herd/crm-microapp/vendor/laravel/lumen-framework/src/Concerns/RoutesRequests.php(356): Laravel\\Lumen\\Application->callControllerCallable(Array, Array)
#7 /Users/macbookpro/Herd/crm-microapp/vendor/laravel/lumen-framework/src/Concerns/RoutesRequests.php(331): Laravel\\Lumen\\Application->callLumenController(Object(App\\Http\\Controllers\\AuthController), 'login', Array)
#8 /Users/macbookpro/Herd/crm-microapp/vendor/laravel/lumen-framework/src/Concerns/RoutesRequests.php(284): Laravel\\Lumen\\Application->callControllerAction(Array)
#9 /Users/macbookpro/Herd/crm-microapp/vendor/laravel/lumen-framework/src/Concerns/RoutesRequests.php(269): Laravel\\Lumen\\Application->callActionOnArrayBasedRoute(Array)
#10 /Users/macbookpro/Herd/crm-microapp/vendor/laravel/lumen-framework/src/Concerns/RoutesRequests.php(171): Laravel\\Lumen\\Application->handleFoundRoute(Array)
#11 /Users/macbookpro/Herd/crm-microapp/vendor/laravel/lumen-framework/src/Routing/Pipeline.php(48): Laravel\\Lumen\\Application->Laravel\\Lumen\\Concerns\\{closure}(Object(Laravel\\Lumen\\Http\\Request))
#12 /Users/macbookpro/Herd/crm-microapp/app/Http/Middleware/TrustProxiesMiddleware.php(33): Laravel\\Lumen\\Routing\\Pipeline->Laravel\\Lumen\\Routing\\{closure}(Object(Laravel\\Lumen\\Http\\Request))
#13 /Users/macbookpro/Herd/crm-microapp/vendor/illuminate/pipeline/Pipeline.php(183): App\\Http\\Middleware\\TrustProxiesMiddleware->handle(Object(Laravel\\Lumen\\Http\\Request), Object(Closure))
#14 /Users/macbookpro/Herd/crm-microapp/vendor/laravel/lumen-framework/src/Routing/Pipeline.php(30): Illuminate\\Pipeline\\Pipeline->Illuminate\\Pipeline\\{closure}(Object(Laravel\\Lumen\\Http\\Request))
#15 /Users/macbookpro/Herd/crm-microapp/vendor/illuminate/pipeline/Pipeline.php(119): Laravel\\Lumen\\Routing\\Pipeline->Laravel\\Lumen\\Routing\\{closure}(Object(Laravel\\Lumen\\Http\\Request))
#16 /Users/macbookpro/Herd/crm-microapp/vendor/laravel/lumen-framework/src/Concerns/RoutesRequests.php(428): Illuminate\\Pipeline\\Pipeline->then(Object(Closure))
#17 /Users/macbookpro/Herd/crm-microapp/vendor/laravel/lumen-framework/src/Concerns/RoutesRequests.php(167): Laravel\\Lumen\\Application->sendThroughPipeline(Array, Object(Closure))
#18 /Users/macbookpro/Herd/crm-microapp/vendor/laravel/lumen-framework/src/Concerns/RoutesRequests.php(112): Laravel\\Lumen\\Application->dispatch(NULL)
#19 /Users/macbookpro/Herd/crm-microapp/public/index.php(28): Laravel\\Lumen\\Application->run()
#20 {main}
"} 
[2025-06-25 08:17:02] local.INFO: Login attempt user data: {"user":{"App\\Models\\User":{"id":5,"employee_id":"241101","name":"User 241101","email":"241101@example.com","created_at":"2025-06-25T03:20:02.000000Z","updated_at":"2025-06-25T03:20:02.000000Z"}}} 
[2025-06-25 08:17:02] local.INFO: User employee_id: {"employee_id":"241101"} 
[2025-06-25 08:17:02] local.ERROR: Class "App\Http\Controllers\Auth" not found {"exception":"[object] (Error(code: 0): Class \"App\\Http\\Controllers\\Auth\" not found at /Users/macbookpro/Herd/crm-microapp/app/Http/Controllers/AuthController.php:58)
[stacktrace]
#0 /Users/macbookpro/Herd/crm-microapp/vendor/illuminate/container/BoundMethod.php(36): App\\Http\\Controllers\\AuthController->login(Object(Laravel\\Lumen\\Http\\Request))
#1 /Users/macbookpro/Herd/crm-microapp/vendor/illuminate/container/Util.php(41): Illuminate\\Container\\BoundMethod::Illuminate\\Container\\{closure}()
#2 /Users/macbookpro/Herd/crm-microapp/vendor/illuminate/container/BoundMethod.php(93): Illuminate\\Container\\Util::unwrapIfClosure(Object(Closure))
#3 /Users/macbookpro/Herd/crm-microapp/vendor/illuminate/container/BoundMethod.php(35): Illuminate\\Container\\BoundMethod::callBoundMethod(Object(Laravel\\Lumen\\Application), Array, Object(Closure))
#4 /Users/macbookpro/Herd/crm-microapp/vendor/illuminate/container/Container.php(662): Illuminate\\Container\\BoundMethod::call(Object(Laravel\\Lumen\\Application), Array, Array, NULL)
#5 /Users/macbookpro/Herd/crm-microapp/vendor/laravel/lumen-framework/src/Concerns/RoutesRequests.php(391): Illuminate\\Container\\Container->call(Array, Array)
#6 /Users/macbookpro/Herd/crm-microapp/vendor/laravel/lumen-framework/src/Concerns/RoutesRequests.php(356): Laravel\\Lumen\\Application->callControllerCallable(Array, Array)
#7 /Users/macbookpro/Herd/crm-microapp/vendor/laravel/lumen-framework/src/Concerns/RoutesRequests.php(331): Laravel\\Lumen\\Application->callLumenController(Object(App\\Http\\Controllers\\AuthController), 'login', Array)
#8 /Users/macbookpro/Herd/crm-microapp/vendor/laravel/lumen-framework/src/Concerns/RoutesRequests.php(284): Laravel\\Lumen\\Application->callControllerAction(Array)
#9 /Users/macbookpro/Herd/crm-microapp/vendor/laravel/lumen-framework/src/Concerns/RoutesRequests.php(269): Laravel\\Lumen\\Application->callActionOnArrayBasedRoute(Array)
#10 /Users/macbookpro/Herd/crm-microapp/vendor/laravel/lumen-framework/src/Concerns/RoutesRequests.php(171): Laravel\\Lumen\\Application->handleFoundRoute(Array)
#11 /Users/macbookpro/Herd/crm-microapp/vendor/laravel/lumen-framework/src/Routing/Pipeline.php(48): Laravel\\Lumen\\Application->Laravel\\Lumen\\Concerns\\{closure}(Object(Laravel\\Lumen\\Http\\Request))
#12 /Users/macbookpro/Herd/crm-microapp/app/Http/Middleware/TrustProxiesMiddleware.php(33): Laravel\\Lumen\\Routing\\Pipeline->Laravel\\Lumen\\Routing\\{closure}(Object(Laravel\\Lumen\\Http\\Request))
#13 /Users/macbookpro/Herd/crm-microapp/vendor/illuminate/pipeline/Pipeline.php(183): App\\Http\\Middleware\\TrustProxiesMiddleware->handle(Object(Laravel\\Lumen\\Http\\Request), Object(Closure))
#14 /Users/macbookpro/Herd/crm-microapp/vendor/laravel/lumen-framework/src/Routing/Pipeline.php(30): Illuminate\\Pipeline\\Pipeline->Illuminate\\Pipeline\\{closure}(Object(Laravel\\Lumen\\Http\\Request))
#15 /Users/macbookpro/Herd/crm-microapp/vendor/illuminate/pipeline/Pipeline.php(119): Laravel\\Lumen\\Routing\\Pipeline->Laravel\\Lumen\\Routing\\{closure}(Object(Laravel\\Lumen\\Http\\Request))
#16 /Users/macbookpro/Herd/crm-microapp/vendor/laravel/lumen-framework/src/Concerns/RoutesRequests.php(428): Illuminate\\Pipeline\\Pipeline->then(Object(Closure))
#17 /Users/macbookpro/Herd/crm-microapp/vendor/laravel/lumen-framework/src/Concerns/RoutesRequests.php(167): Laravel\\Lumen\\Application->sendThroughPipeline(Array, Object(Closure))
#18 /Users/macbookpro/Herd/crm-microapp/vendor/laravel/lumen-framework/src/Concerns/RoutesRequests.php(112): Laravel\\Lumen\\Application->dispatch(NULL)
#19 /Users/macbookpro/Herd/crm-microapp/public/index.php(28): Laravel\\Lumen\\Application->run()
#20 {main}
"} 
[2025-06-25 08:18:57] local.INFO: Login attempt user data: {"user":{"App\\Models\\User":{"id":5,"employee_id":"241101","name":"User 241101","email":"241101@example.com","created_at":"2025-06-25T03:20:02.000000Z","updated_at":"2025-06-25T03:20:02.000000Z"}}} 
[2025-06-25 08:18:57] local.INFO: User employee_id: {"employee_id":"241101"} 
[2025-06-25 08:18:57] local.ERROR: Auth driver [jwt] for guard [api] is not defined. {"exception":"[object] (InvalidArgumentException(code: 0): Auth driver [jwt] for guard [api] is not defined. at /Users/macbookpro/Herd/crm-microapp/vendor/illuminate/auth/AuthManager.php:99)
[stacktrace]
#0 /Users/macbookpro/Herd/crm-microapp/vendor/illuminate/auth/AuthManager.php(70): Illuminate\\Auth\\AuthManager->resolve('api')
#1 /Users/macbookpro/Herd/crm-microapp/vendor/illuminate/auth/AuthManager.php(340): Illuminate\\Auth\\AuthManager->guard()
#2 /Users/macbookpro/Herd/crm-microapp/vendor/illuminate/support/Facades/Facade.php(355): Illuminate\\Auth\\AuthManager->__call('user', Array)
#3 /Users/macbookpro/Herd/crm-microapp/app/Http/Controllers/AuthController.php(59): Illuminate\\Support\\Facades\\Facade::__callStatic('user', Array)
#4 /Users/macbookpro/Herd/crm-microapp/vendor/illuminate/container/BoundMethod.php(36): App\\Http\\Controllers\\AuthController->login(Object(Laravel\\Lumen\\Http\\Request))
#5 /Users/macbookpro/Herd/crm-microapp/vendor/illuminate/container/Util.php(41): Illuminate\\Container\\BoundMethod::Illuminate\\Container\\{closure}()
#6 /Users/macbookpro/Herd/crm-microapp/vendor/illuminate/container/BoundMethod.php(93): Illuminate\\Container\\Util::unwrapIfClosure(Object(Closure))
#7 /Users/macbookpro/Herd/crm-microapp/vendor/illuminate/container/BoundMethod.php(35): Illuminate\\Container\\BoundMethod::callBoundMethod(Object(Laravel\\Lumen\\Application), Array, Object(Closure))
#8 /Users/macbookpro/Herd/crm-microapp/vendor/illuminate/container/Container.php(662): Illuminate\\Container\\BoundMethod::call(Object(Laravel\\Lumen\\Application), Array, Array, NULL)
#9 /Users/macbookpro/Herd/crm-microapp/vendor/laravel/lumen-framework/src/Concerns/RoutesRequests.php(391): Illuminate\\Container\\Container->call(Array, Array)
#10 /Users/macbookpro/Herd/crm-microapp/vendor/laravel/lumen-framework/src/Concerns/RoutesRequests.php(356): Laravel\\Lumen\\Application->callControllerCallable(Array, Array)
#11 /Users/macbookpro/Herd/crm-microapp/vendor/laravel/lumen-framework/src/Concerns/RoutesRequests.php(331): Laravel\\Lumen\\Application->callLumenController(Object(App\\Http\\Controllers\\AuthController), 'login', Array)
#12 /Users/macbookpro/Herd/crm-microapp/vendor/laravel/lumen-framework/src/Concerns/RoutesRequests.php(284): Laravel\\Lumen\\Application->callControllerAction(Array)
#13 /Users/macbookpro/Herd/crm-microapp/vendor/laravel/lumen-framework/src/Concerns/RoutesRequests.php(269): Laravel\\Lumen\\Application->callActionOnArrayBasedRoute(Array)
#14 /Users/macbookpro/Herd/crm-microapp/vendor/laravel/lumen-framework/src/Concerns/RoutesRequests.php(171): Laravel\\Lumen\\Application->handleFoundRoute(Array)
#15 /Users/macbookpro/Herd/crm-microapp/vendor/laravel/lumen-framework/src/Routing/Pipeline.php(48): Laravel\\Lumen\\Application->Laravel\\Lumen\\Concerns\\{closure}(Object(Laravel\\Lumen\\Http\\Request))
#16 /Users/macbookpro/Herd/crm-microapp/app/Http/Middleware/TrustProxiesMiddleware.php(33): Laravel\\Lumen\\Routing\\Pipeline->Laravel\\Lumen\\Routing\\{closure}(Object(Laravel\\Lumen\\Http\\Request))
#17 /Users/macbookpro/Herd/crm-microapp/vendor/illuminate/pipeline/Pipeline.php(183): App\\Http\\Middleware\\TrustProxiesMiddleware->handle(Object(Laravel\\Lumen\\Http\\Request), Object(Closure))
#18 /Users/macbookpro/Herd/crm-microapp/vendor/laravel/lumen-framework/src/Routing/Pipeline.php(30): Illuminate\\Pipeline\\Pipeline->Illuminate\\Pipeline\\{closure}(Object(Laravel\\Lumen\\Http\\Request))
#19 /Users/macbookpro/Herd/crm-microapp/vendor/illuminate/pipeline/Pipeline.php(119): Laravel\\Lumen\\Routing\\Pipeline->Laravel\\Lumen\\Routing\\{closure}(Object(Laravel\\Lumen\\Http\\Request))
#20 /Users/macbookpro/Herd/crm-microapp/vendor/laravel/lumen-framework/src/Concerns/RoutesRequests.php(428): Illuminate\\Pipeline\\Pipeline->then(Object(Closure))
#21 /Users/macbookpro/Herd/crm-microapp/vendor/laravel/lumen-framework/src/Concerns/RoutesRequests.php(167): Laravel\\Lumen\\Application->sendThroughPipeline(Array, Object(Closure))
#22 /Users/macbookpro/Herd/crm-microapp/vendor/laravel/lumen-framework/src/Concerns/RoutesRequests.php(112): Laravel\\Lumen\\Application->dispatch(NULL)
#23 /Users/macbookpro/Herd/crm-microapp/public/index.php(28): Laravel\\Lumen\\Application->run()
#24 {main}
"} 
[2025-06-25 08:38:05] local.ERROR: Interface "Tymon\JWTAuth\Contracts\JWTSubject" not found {"exception":"[object] (Error(code: 0): Interface \"Tymon\\JWTAuth\\Contracts\\JWTSubject\" not found at /Users/macbookpro/Herd/crm-microapp/app/Models/User.php:13)
[stacktrace]
#0 /Users/macbookpro/Herd/crm-microapp/vendor/composer/ClassLoader.php(576): include()
#1 /Users/macbookpro/Herd/crm-microapp/vendor/composer/ClassLoader.php(427): Composer\\Autoload\\{closure}('/Users/macbookp...')
#2 /Users/macbookpro/Herd/crm-microapp/app/Http/Controllers/AuthController.php(37): Composer\\Autoload\\ClassLoader->loadClass('App\\\\Models\\\\User')
#3 /Users/macbookpro/Herd/crm-microapp/vendor/illuminate/container/BoundMethod.php(36): App\\Http\\Controllers\\AuthController->login(Object(Laravel\\Lumen\\Http\\Request))
#4 /Users/macbookpro/Herd/crm-microapp/vendor/illuminate/container/Util.php(41): Illuminate\\Container\\BoundMethod::Illuminate\\Container\\{closure}()
#5 /Users/macbookpro/Herd/crm-microapp/vendor/illuminate/container/BoundMethod.php(93): Illuminate\\Container\\Util::unwrapIfClosure(Object(Closure))
#6 /Users/macbookpro/Herd/crm-microapp/vendor/illuminate/container/BoundMethod.php(35): Illuminate\\Container\\BoundMethod::callBoundMethod(Object(Laravel\\Lumen\\Application), Array, Object(Closure))
#7 /Users/macbookpro/Herd/crm-microapp/vendor/illuminate/container/Container.php(662): Illuminate\\Container\\BoundMethod::call(Object(Laravel\\Lumen\\Application), Array, Array, NULL)
#8 /Users/macbookpro/Herd/crm-microapp/vendor/laravel/lumen-framework/src/Concerns/RoutesRequests.php(391): Illuminate\\Container\\Container->call(Array, Array)
#9 /Users/macbookpro/Herd/crm-microapp/vendor/laravel/lumen-framework/src/Concerns/RoutesRequests.php(356): Laravel\\Lumen\\Application->callControllerCallable(Array, Array)
#10 /Users/macbookpro/Herd/crm-microapp/vendor/laravel/lumen-framework/src/Concerns/RoutesRequests.php(331): Laravel\\Lumen\\Application->callLumenController(Object(App\\Http\\Controllers\\AuthController), 'login', Array)
#11 /Users/macbookpro/Herd/crm-microapp/vendor/laravel/lumen-framework/src/Concerns/RoutesRequests.php(284): Laravel\\Lumen\\Application->callControllerAction(Array)
#12 /Users/macbookpro/Herd/crm-microapp/vendor/laravel/lumen-framework/src/Concerns/RoutesRequests.php(269): Laravel\\Lumen\\Application->callActionOnArrayBasedRoute(Array)
#13 /Users/macbookpro/Herd/crm-microapp/vendor/laravel/lumen-framework/src/Concerns/RoutesRequests.php(171): Laravel\\Lumen\\Application->handleFoundRoute(Array)
#14 /Users/macbookpro/Herd/crm-microapp/vendor/laravel/lumen-framework/src/Routing/Pipeline.php(48): Laravel\\Lumen\\Application->Laravel\\Lumen\\Concerns\\{closure}(Object(Laravel\\Lumen\\Http\\Request))
#15 /Users/macbookpro/Herd/crm-microapp/app/Http/Middleware/TrustProxiesMiddleware.php(33): Laravel\\Lumen\\Routing\\Pipeline->Laravel\\Lumen\\Routing\\{closure}(Object(Laravel\\Lumen\\Http\\Request))
#16 /Users/macbookpro/Herd/crm-microapp/vendor/illuminate/pipeline/Pipeline.php(183): App\\Http\\Middleware\\TrustProxiesMiddleware->handle(Object(Laravel\\Lumen\\Http\\Request), Object(Closure))
#17 /Users/macbookpro/Herd/crm-microapp/vendor/laravel/lumen-framework/src/Routing/Pipeline.php(30): Illuminate\\Pipeline\\Pipeline->Illuminate\\Pipeline\\{closure}(Object(Laravel\\Lumen\\Http\\Request))
#18 /Users/macbookpro/Herd/crm-microapp/vendor/illuminate/pipeline/Pipeline.php(119): Laravel\\Lumen\\Routing\\Pipeline->Laravel\\Lumen\\Routing\\{closure}(Object(Laravel\\Lumen\\Http\\Request))
#19 /Users/macbookpro/Herd/crm-microapp/vendor/laravel/lumen-framework/src/Concerns/RoutesRequests.php(428): Illuminate\\Pipeline\\Pipeline->then(Object(Closure))
#20 /Users/macbookpro/Herd/crm-microapp/vendor/laravel/lumen-framework/src/Concerns/RoutesRequests.php(167): Laravel\\Lumen\\Application->sendThroughPipeline(Array, Object(Closure))
#21 /Users/macbookpro/Herd/crm-microapp/vendor/laravel/lumen-framework/src/Concerns/RoutesRequests.php(112): Laravel\\Lumen\\Application->dispatch(NULL)
#22 /Users/macbookpro/Herd/crm-microapp/public/index.php(28): Laravel\\Lumen\\Application->run()
#23 {main}
"} 
[2025-06-25 08:39:59] local.ERROR: App\Models\User cannot implement Firebase\JWT\JWT - it is not an interface {"exception":"[object] (Symfony\\Component\\ErrorHandler\\Error\\FatalError(code: 0): App\\Models\\User cannot implement Firebase\\JWT\\JWT - it is not an interface at /Users/macbookpro/Herd/crm-microapp/app/Models/User.php:13)
[stacktrace]
#0 {main}
"} 
[2025-06-25 08:44:51] local.INFO: Login attempt user data: {"user":{"App\\Models\\User":{"id":5,"employee_id":"241101","name":"User 241101","email":"241101@example.com","created_at":"2025-06-25T03:20:02.000000Z","updated_at":"2025-06-25T03:20:02.000000Z"}}} 
[2025-06-25 08:44:51] local.INFO: User employee_id: {"employee_id":"241101"} 
[2025-06-25 08:53:05] local.ERROR: Call to undefined function config_path() {"exception":"[object] (Error(code: 0): Call to undefined function config_path() at /Users/macbookpro/Herd/crm-microapp/vendor/_laravel_ide/discover-5802e590a92e23606bb54d2909564178.php:79)
[stacktrace]
#0 {main}
"} 
[2025-06-25 08:53:05] local.ERROR: Target [Illuminate\Contracts\Http\Kernel] is not instantiable. {"exception":"[object] (Illuminate\\Contracts\\Container\\BindingResolutionException(code: 0): Target [Illuminate\\Contracts\\Http\\Kernel] is not instantiable. at /Users/macbookpro/Herd/crm-microapp/vendor/illuminate/container/Container.php:1126)
[stacktrace]
#0 /Users/macbookpro/Herd/crm-microapp/vendor/illuminate/container/Container.php(921): Illuminate\\Container\\Container->notInstantiable('Illuminate\\\\Cont...')
#1 /Users/macbookpro/Herd/crm-microapp/vendor/illuminate/container/Container.php(795): Illuminate\\Container\\Container->build('Illuminate\\\\Cont...')
#2 /Users/macbookpro/Herd/crm-microapp/vendor/illuminate/container/Container.php(731): Illuminate\\Container\\Container->resolve('Illuminate\\\\Cont...', Array)
#3 /Users/macbookpro/Herd/crm-microapp/vendor/laravel/lumen-framework/src/Application.php(327): Illuminate\\Container\\Container->make('Illuminate\\\\Cont...', Array)
#4 /Users/macbookpro/Herd/crm-microapp/vendor/laravel/lumen-framework/src/helpers.php(42): Laravel\\Lumen\\Application->make('Illuminate\\\\Cont...', Array)
#5 /Users/macbookpro/Herd/crm-microapp/vendor/_laravel_ide/discover-79de9752f999b6e261cd05abba67a5ce.php(75): app('Illuminate\\\\Cont...')
#6 {main}
"} 
[2025-06-25 08:53:05] local.ERROR: Call to undefined function config_path() {"exception":"[object] (Error(code: 0): Call to undefined function config_path() at /Users/macbookpro/Herd/crm-microapp/vendor/_laravel_ide/discover-d769f81c5eaf96f1f253a56481405376.php:68)
[stacktrace]
#0 {main}
"} 
[2025-06-25 08:53:05] local.ERROR: Call to a member function getRoutes() on array {"exception":"[object] (Error(code: 0): Call to a member function getRoutes() on array at /Users/macbookpro/Herd/crm-microapp/vendor/_laravel_ide/discover-1e7ea3cf42a2f9b84f3de09530e2c135.php:71)
[stacktrace]
#0 /Users/macbookpro/Herd/crm-microapp/vendor/_laravel_ide/discover-1e7ea3cf42a2f9b84f3de09530e2c135.php(161): class@anonymous->all()
#1 {main}
"} 
[2025-06-25 08:53:05] local.ERROR: Call to undefined method Laravel\Lumen\Application::currentLocale() {"exception":"[object] (Error(code: 0): Call to undefined method Laravel\\Lumen\\Application::currentLocale() at /Users/macbookpro/Herd/crm-microapp/vendor/illuminate/support/Facades/Facade.php:355)
[stacktrace]
#0 /Users/macbookpro/Herd/crm-microapp/vendor/_laravel_ide/discover-e691d398bdcb7c046a57f3e4553bb28a.php(425): Illuminate\\Support\\Facades\\Facade::__callStatic('currentLocale', Array)
#1 {main}
"} 
[2025-06-25 08:53:05] local.ERROR: Unresolvable dependency resolving [Parameter #1 [ <required> $cachePath ]] in class Illuminate\View\Compilers\Compiler {"exception":"[object] (Illuminate\\Contracts\\Container\\BindingResolutionException(code: 0): Unresolvable dependency resolving [Parameter #1 [ <required> $cachePath ]] in class Illuminate\\View\\Compilers\\Compiler at /Users/macbookpro/Herd/crm-microapp/vendor/illuminate/container/Container.php:1141)
[stacktrace]
#0 /Users/macbookpro/Herd/crm-microapp/vendor/illuminate/container/Container.php(1050): Illuminate\\Container\\Container->unresolvablePrimitive(Object(ReflectionParameter))
#1 /Users/macbookpro/Herd/crm-microapp/vendor/illuminate/container/Container.php(981): Illuminate\\Container\\Container->resolvePrimitive(Object(ReflectionParameter))
#2 /Users/macbookpro/Herd/crm-microapp/vendor/illuminate/container/Container.php(943): Illuminate\\Container\\Container->resolveDependencies(Array)
#3 /Users/macbookpro/Herd/crm-microapp/vendor/illuminate/container/Container.php(795): Illuminate\\Container\\Container->build('Illuminate\\\\View...')
#4 /Users/macbookpro/Herd/crm-microapp/vendor/illuminate/container/Container.php(731): Illuminate\\Container\\Container->resolve('Illuminate\\\\View...', Array)
#5 /Users/macbookpro/Herd/crm-microapp/vendor/laravel/lumen-framework/src/Application.php(327): Illuminate\\Container\\Container->make('Illuminate\\\\View...', Array)
#6 /Users/macbookpro/Herd/crm-microapp/vendor/laravel/lumen-framework/src/helpers.php(42): Laravel\\Lumen\\Application->make('Illuminate\\\\View...', Array)
#7 /Users/macbookpro/Herd/crm-microapp/vendor/_laravel_ide/discover-7563160ca998bde672640aa1e68dfd08.php(68): app('Illuminate\\\\View...')
#8 {main}
"} 
[2025-06-25 08:53:05] local.ERROR: Call to undefined function app_path() {"exception":"[object] (Error(code: 0): Call to undefined function app_path() at /Users/macbookpro/Herd/crm-microapp/vendor/_laravel_ide/discover-9abd86d674d0ba851f4ac7b31349196a.php:142)
[stacktrace]
#0 /Users/macbookpro/Herd/crm-microapp/vendor/_laravel_ide/discover-9abd86d674d0ba851f4ac7b31349196a.php(81): class@anonymous->getStandardClasses()
#1 /Users/macbookpro/Herd/crm-microapp/vendor/_laravel_ide/discover-9abd86d674d0ba851f4ac7b31349196a.php(369): class@anonymous->all()
#2 {main}
"} 
